<?xml version="1.0" encoding="UTF-8"?>
<testng-results ignored="0" total="1" passed="1" failed="0" skipped="0">
  <reporter-output>
  </reporter-output>
  <suite started-at="2023-05-12T12:39:44 IST" name="Suite" finished-at="2023-05-12T12:39:52 IST" duration-ms="7622">
    <groups>
    </groups>
    <test started-at="2023-05-12T12:39:44 IST" name="Test" finished-at="2023-05-12T12:39:52 IST" duration-ms="7622">
      <class name="EmailDemo.EmailDemo.Demo">
        <test-method signature="login()[pri:0, instance:EmailDemo.EmailDemo.Demo@3d51f06e]" started-at="2023-05-12T12:39:44 IST" name="login" finished-at="2023-05-12T12:39:52 IST" duration-ms="7486" status="PASS">
          <reporter-output>
          </reporter-output>
        </test-method> <!-- login -->
        <test-method is-config="true" signature="m1()[pri:0, instance:EmailDemo.EmailDemo.Demo@3d51f06e]" started-at="2023-05-12T12:39:52 IST" name="m1" finished-at="2023-05-12T12:39:52 IST" duration-ms="2" status="PASS">
          <reporter-output>
          </reporter-output>
        </test-method> <!-- m1 -->
        <test-method is-config="true" signature="m2()[pri:0, instance:EmailDemo.EmailDemo.Demo@3d51f06e]" started-at="2023-05-12T12:39:52 IST" name="m2" finished-at="2023-05-12T12:39:52 IST" duration-ms="115" status="PASS">
          <reporter-output>
          </reporter-output>
        </test-method> <!-- m2 -->
      </class> <!-- EmailDemo.EmailDemo.Demo -->
    </test> <!-- Test -->
  </suite> <!-- Suite -->
</testng-results>
